set -e
set -x

eval "$(conda shell.bash hook)"
++ conda shell.bash hook
+ eval 'export CONDA_EXE='\''/home/s2/mjoolee/anaconda/bin/conda'\''
export _CE_M='\'''\''
export _CE_CONDA='\'''\''
export CONDA_PYTHON_EXE='\''/home/s2/mjoolee/anaconda/bin/python'\''

# Copyright (C) 2012 Anaconda, Inc
# SPDX-License-Identifier: BSD-3-Clause
__conda_exe() (
    "$CONDA_EXE" $_CE_M $_CE_CONDA "$@"
)

__conda_hashr() {
    if [ -n "${ZSH_VERSION:+x}" ]; then
        \rehash
    elif [ -n "${POSH_VERSION:+x}" ]; then
        :  # pass
    else
        \hash -r
    fi
}

__conda_activate() {
    if [ -n "${CONDA_PS1_BACKUP:+x}" ]; then
        # Handle transition from shell activated with conda <= 4.3 to a subsequent activation
        # after conda updated to >= 4.4. See issue #6173.
        PS1="$CONDA_PS1_BACKUP"
        \unset CONDA_PS1_BACKUP
    fi
    \local ask_conda
    ask_conda="$(PS1="${PS1:-}" __conda_exe shell.posix "$@")" || \return
    \eval "$ask_conda"
    __conda_hashr
}

__conda_reactivate() {
    \local ask_conda
    ask_conda="$(PS1="${PS1:-}" __conda_exe shell.posix reactivate)" || \return
    \eval "$ask_conda"
    __conda_hashr
}

conda() {
    \local cmd="${1-__missing__}"
    case "$cmd" in
        activate|deactivate)
            __conda_activate "$@"
            ;;
        install|update|upgrade|remove|uninstall)
            __conda_exe "$@" || \return
            __conda_reactivate
            ;;
        *)
            __conda_exe "$@"
            ;;
    esac
}

if [ -z "${CONDA_SHLVL+x}" ]; then
    \export CONDA_SHLVL=0
    # In dev-mode CONDA_EXE is python.exe and on Windows
    # it is in a different relative location to condabin.
    if [ -n "${_CE_CONDA:+x}" ] && [ -n "${WINDIR+x}" ]; then
        PATH="$(\dirname "$CONDA_EXE")/condabin${PATH:+":${PATH}"}"
    else
        PATH="$(\dirname "$(\dirname "$CONDA_EXE")")/condabin${PATH:+":${PATH}"}"
    fi
    \export PATH

    # We'\''re not allowing PS1 to be unbound. It must at least be set.
    # However, we'\''re not exporting it, which can cause problems when starting a second shell
    # via a first shell (i.e. starting zsh from bash).
    if [ -z "${PS1+x}" ]; then
        PS1=
    fi
fi

conda activate base'
export CONDA_EXE='/home/s2/mjoolee/anaconda/bin/conda'
++ export CONDA_EXE=/home/s2/mjoolee/anaconda/bin/conda
++ CONDA_EXE=/home/s2/mjoolee/anaconda/bin/conda
export _CE_M=''
++ export _CE_M=
++ _CE_M=
export _CE_CONDA=''
++ export _CE_CONDA=
++ _CE_CONDA=
export CONDA_PYTHON_EXE='/home/s2/mjoolee/anaconda/bin/python'
++ export CONDA_PYTHON_EXE=/home/s2/mjoolee/anaconda/bin/python
++ CONDA_PYTHON_EXE=/home/s2/mjoolee/anaconda/bin/python

# Copyright (C) 2012 Anaconda, Inc
# SPDX-License-Identifier: BSD-3-Clause
__conda_exe() (
    "$CONDA_EXE" $_CE_M $_CE_CONDA "$@"
)

__conda_hashr() {
    if [ -n "${ZSH_VERSION:+x}" ]; then
        \rehash
    elif [ -n "${POSH_VERSION:+x}" ]; then
        :  # pass
    else
        \hash -r
    fi
}

__conda_activate() {
    if [ -n "${CONDA_PS1_BACKUP:+x}" ]; then
        # Handle transition from shell activated with conda <= 4.3 to a subsequent activation
        # after conda updated to >= 4.4. See issue #6173.
        PS1="$CONDA_PS1_BACKUP"
        \unset CONDA_PS1_BACKUP
    fi
    \local ask_conda
    ask_conda="$(PS1="${PS1:-}" __conda_exe shell.posix "$@")" || \return
    \eval "$ask_conda"
    __conda_hashr
}

__conda_reactivate() {
    \local ask_conda
    ask_conda="$(PS1="${PS1:-}" __conda_exe shell.posix reactivate)" || \return
    \eval "$ask_conda"
    __conda_hashr
}

conda() {
    \local cmd="${1-__missing__}"
    case "$cmd" in
        activate|deactivate)
            __conda_activate "$@"
            ;;
        install|update|upgrade|remove|uninstall)
            __conda_exe "$@" || \return
            __conda_reactivate
            ;;
        *)
            __conda_exe "$@"
            ;;
    esac
}

if [ -z "${CONDA_SHLVL+x}" ]; then
    \export CONDA_SHLVL=0
    # In dev-mode CONDA_EXE is python.exe and on Windows
    # it is in a different relative location to condabin.
    if [ -n "${_CE_CONDA:+x}" ] && [ -n "${WINDIR+x}" ]; then
        PATH="$(\dirname "$CONDA_EXE")/condabin${PATH:+":${PATH}"}"
    else
        PATH="$(\dirname "$(\dirname "$CONDA_EXE")")/condabin${PATH:+":${PATH}"}"
    fi
    \export PATH

    # We're not allowing PS1 to be unbound. It must at least be set.
    # However, we're not exporting it, which can cause problems when starting a second shell
    # via a first shell (i.e. starting zsh from bash).
    if [ -z "${PS1+x}" ]; then
        PS1=
    fi
fi
++ '[' -z x ']'

conda activate base
++ conda activate base
++ local cmd=activate
++ case "$cmd" in
++ __conda_activate activate base
++ '[' -n '' ']'
++ local ask_conda
+++ PS1=
+++ __conda_exe shell.posix activate base
+++ /home/s2/mjoolee/anaconda/bin/conda shell.posix activate base
++ ask_conda='PS1='\''(base) '\''
export PATH='\''/home/s2/mjoolee/.vscode-server/cli/servers/Stable-903b1e9d8990623e3d7da1df3d33db3e42d80eda/server/bin/remote-cli:/home/s2/mjoolee/anaconda/bin:/home/s2/mjoolee/anaconda/condabin:/usr/local/sbin:/usr/local/bin:/usr/sbin:/usr/bin:/sbin:/bin:/usr/games:/usr/local/games:/snap/bin'\''
export CONDA_PREFIX='\''/home/s2/mjoolee/anaconda'\''
export CONDA_SHLVL='\''3'\''
export CONDA_DEFAULT_ENV='\''base'\''
export CONDA_PROMPT_MODIFIER='\''(base) '\''
export CONDA_PREFIX_2='\''/home/s2/mjoolee/anaconda/envs/dassl'\''
export CONDA_EXE='\''/home/s2/mjoolee/anaconda/bin/conda'\''
export _CE_M='\'''\''
export _CE_CONDA='\'''\''
export CONDA_PYTHON_EXE='\''/home/s2/mjoolee/anaconda/bin/python'\'''
++ eval 'PS1='\''(base) '\''
export PATH='\''/home/s2/mjoolee/.vscode-server/cli/servers/Stable-903b1e9d8990623e3d7da1df3d33db3e42d80eda/server/bin/remote-cli:/home/s2/mjoolee/anaconda/bin:/home/s2/mjoolee/anaconda/condabin:/usr/local/sbin:/usr/local/bin:/usr/sbin:/usr/bin:/sbin:/bin:/usr/games:/usr/local/games:/snap/bin'\''
export CONDA_PREFIX='\''/home/s2/mjoolee/anaconda'\''
export CONDA_SHLVL='\''3'\''
export CONDA_DEFAULT_ENV='\''base'\''
export CONDA_PROMPT_MODIFIER='\''(base) '\''
export CONDA_PREFIX_2='\''/home/s2/mjoolee/anaconda/envs/dassl'\''
export CONDA_EXE='\''/home/s2/mjoolee/anaconda/bin/conda'\''
export _CE_M='\'''\''
export _CE_CONDA='\'''\''
export CONDA_PYTHON_EXE='\''/home/s2/mjoolee/anaconda/bin/python'\'''
PS1='(base) '
+++ PS1='(base) '
export PATH='/home/s2/mjoolee/.vscode-server/cli/servers/Stable-903b1e9d8990623e3d7da1df3d33db3e42d80eda/server/bin/remote-cli:/home/s2/mjoolee/anaconda/bin:/home/s2/mjoolee/anaconda/condabin:/usr/local/sbin:/usr/local/bin:/usr/sbin:/usr/bin:/sbin:/bin:/usr/games:/usr/local/games:/snap/bin'
+++ export PATH=/home/s2/mjoolee/.vscode-server/cli/servers/Stable-903b1e9d8990623e3d7da1df3d33db3e42d80eda/server/bin/remote-cli:/home/s2/mjoolee/anaconda/bin:/home/s2/mjoolee/anaconda/condabin:/usr/local/sbin:/usr/local/bin:/usr/sbin:/usr/bin:/sbin:/bin:/usr/games:/usr/local/games:/snap/bin
+++ PATH=/home/s2/mjoolee/.vscode-server/cli/servers/Stable-903b1e9d8990623e3d7da1df3d33db3e42d80eda/server/bin/remote-cli:/home/s2/mjoolee/anaconda/bin:/home/s2/mjoolee/anaconda/condabin:/usr/local/sbin:/usr/local/bin:/usr/sbin:/usr/bin:/sbin:/bin:/usr/games:/usr/local/games:/snap/bin
export CONDA_PREFIX='/home/s2/mjoolee/anaconda'
+++ export CONDA_PREFIX=/home/s2/mjoolee/anaconda
+++ CONDA_PREFIX=/home/s2/mjoolee/anaconda
export CONDA_SHLVL='3'
+++ export CONDA_SHLVL=3
+++ CONDA_SHLVL=3
export CONDA_DEFAULT_ENV='base'
+++ export CONDA_DEFAULT_ENV=base
+++ CONDA_DEFAULT_ENV=base
export CONDA_PROMPT_MODIFIER='(base) '
+++ export 'CONDA_PROMPT_MODIFIER=(base) '
+++ CONDA_PROMPT_MODIFIER='(base) '
export CONDA_PREFIX_2='/home/s2/mjoolee/anaconda/envs/dassl'
+++ export CONDA_PREFIX_2=/home/s2/mjoolee/anaconda/envs/dassl
+++ CONDA_PREFIX_2=/home/s2/mjoolee/anaconda/envs/dassl
export CONDA_EXE='/home/s2/mjoolee/anaconda/bin/conda'
+++ export CONDA_EXE=/home/s2/mjoolee/anaconda/bin/conda
+++ CONDA_EXE=/home/s2/mjoolee/anaconda/bin/conda
export _CE_M=''
+++ export _CE_M=
+++ _CE_M=
export _CE_CONDA=''
+++ export _CE_CONDA=
+++ _CE_CONDA=
export CONDA_PYTHON_EXE='/home/s2/mjoolee/anaconda/bin/python'
+++ export CONDA_PYTHON_EXE=/home/s2/mjoolee/anaconda/bin/python
+++ CONDA_PYTHON_EXE=/home/s2/mjoolee/anaconda/bin/python
++ __conda_hashr
++ '[' -n '' ']'
++ '[' -n '' ']'
++ hash -r
conda activate dassl
+ conda activate dassl
+ local cmd=activate
+ case "$cmd" in
+ __conda_activate activate dassl
+ '[' -n '' ']'
+ local ask_conda
++ PS1='(base) '
++ __conda_exe shell.posix activate dassl
++ /home/s2/mjoolee/anaconda/bin/conda shell.posix activate dassl
+ ask_conda='PS1='\''(dassl) '\''
export PATH='\''/home/s2/mjoolee/.vscode-server/cli/servers/Stable-903b1e9d8990623e3d7da1df3d33db3e42d80eda/server/bin/remote-cli:/home/s2/mjoolee/anaconda/envs/dassl/bin:/home/s2/mjoolee/anaconda/condabin:/usr/local/sbin:/usr/local/bin:/usr/sbin:/usr/bin:/sbin:/bin:/usr/games:/usr/local/games:/snap/bin'\''
export CONDA_PREFIX='\''/home/s2/mjoolee/anaconda/envs/dassl'\''
export CONDA_SHLVL='\''4'\''
export CONDA_DEFAULT_ENV='\''dassl'\''
export CONDA_PROMPT_MODIFIER='\''(dassl) '\''
export CONDA_PREFIX_3='\''/home/s2/mjoolee/anaconda'\''
export CONDA_EXE='\''/home/s2/mjoolee/anaconda/bin/conda'\''
export _CE_M='\'''\''
export _CE_CONDA='\'''\''
export CONDA_PYTHON_EXE='\''/home/s2/mjoolee/anaconda/bin/python'\'''
+ eval 'PS1='\''(dassl) '\''
export PATH='\''/home/s2/mjoolee/.vscode-server/cli/servers/Stable-903b1e9d8990623e3d7da1df3d33db3e42d80eda/server/bin/remote-cli:/home/s2/mjoolee/anaconda/envs/dassl/bin:/home/s2/mjoolee/anaconda/condabin:/usr/local/sbin:/usr/local/bin:/usr/sbin:/usr/bin:/sbin:/bin:/usr/games:/usr/local/games:/snap/bin'\''
export CONDA_PREFIX='\''/home/s2/mjoolee/anaconda/envs/dassl'\''
export CONDA_SHLVL='\''4'\''
export CONDA_DEFAULT_ENV='\''dassl'\''
export CONDA_PROMPT_MODIFIER='\''(dassl) '\''
export CONDA_PREFIX_3='\''/home/s2/mjoolee/anaconda'\''
export CONDA_EXE='\''/home/s2/mjoolee/anaconda/bin/conda'\''
export _CE_M='\'''\''
export _CE_CONDA='\'''\''
export CONDA_PYTHON_EXE='\''/home/s2/mjoolee/anaconda/bin/python'\'''
PS1='(dassl) '
++ PS1='(dassl) '
export PATH='/home/s2/mjoolee/.vscode-server/cli/servers/Stable-903b1e9d8990623e3d7da1df3d33db3e42d80eda/server/bin/remote-cli:/home/s2/mjoolee/anaconda/envs/dassl/bin:/home/s2/mjoolee/anaconda/condabin:/usr/local/sbin:/usr/local/bin:/usr/sbin:/usr/bin:/sbin:/bin:/usr/games:/usr/local/games:/snap/bin'
++ export PATH=/home/s2/mjoolee/.vscode-server/cli/servers/Stable-903b1e9d8990623e3d7da1df3d33db3e42d80eda/server/bin/remote-cli:/home/s2/mjoolee/anaconda/envs/dassl/bin:/home/s2/mjoolee/anaconda/condabin:/usr/local/sbin:/usr/local/bin:/usr/sbin:/usr/bin:/sbin:/bin:/usr/games:/usr/local/games:/snap/bin
++ PATH=/home/s2/mjoolee/.vscode-server/cli/servers/Stable-903b1e9d8990623e3d7da1df3d33db3e42d80eda/server/bin/remote-cli:/home/s2/mjoolee/anaconda/envs/dassl/bin:/home/s2/mjoolee/anaconda/condabin:/usr/local/sbin:/usr/local/bin:/usr/sbin:/usr/bin:/sbin:/bin:/usr/games:/usr/local/games:/snap/bin
export CONDA_PREFIX='/home/s2/mjoolee/anaconda/envs/dassl'
++ export CONDA_PREFIX=/home/s2/mjoolee/anaconda/envs/dassl
++ CONDA_PREFIX=/home/s2/mjoolee/anaconda/envs/dassl
export CONDA_SHLVL='4'
++ export CONDA_SHLVL=4
++ CONDA_SHLVL=4
export CONDA_DEFAULT_ENV='dassl'
++ export CONDA_DEFAULT_ENV=dassl
++ CONDA_DEFAULT_ENV=dassl
export CONDA_PROMPT_MODIFIER='(dassl) '
++ export 'CONDA_PROMPT_MODIFIER=(dassl) '
++ CONDA_PROMPT_MODIFIER='(dassl) '
export CONDA_PREFIX_3='/home/s2/mjoolee/anaconda'
++ export CONDA_PREFIX_3=/home/s2/mjoolee/anaconda
++ CONDA_PREFIX_3=/home/s2/mjoolee/anaconda
export CONDA_EXE='/home/s2/mjoolee/anaconda/bin/conda'
++ export CONDA_EXE=/home/s2/mjoolee/anaconda/bin/conda
++ CONDA_EXE=/home/s2/mjoolee/anaconda/bin/conda
export _CE_M=''
++ export _CE_M=
++ _CE_M=
export _CE_CONDA=''
++ export _CE_CONDA=
++ _CE_CONDA=
export CONDA_PYTHON_EXE='/home/s2/mjoolee/anaconda/bin/python'
++ export CONDA_PYTHON_EXE=/home/s2/mjoolee/anaconda/bin/python
++ CONDA_PYTHON_EXE=/home/s2/mjoolee/anaconda/bin/python
+ __conda_hashr
+ '[' -n '' ']'
+ '[' -n '' ']'
+ hash -r

GPU=0
+ GPU=0
SHOT=16
+ SHOT=16
EPOCH=200
+ EPOCH=200
cfg=vit_b16_ctxv1
+ cfg=vit_b16_ctxv1
TRAINER=CoOp
+ TRAINER=CoOp


for seed in 1 2 3
 do
     #training
     sh scripts/coop/crossdataset_train.sh fgvc_aircraft ${seed} ${GPU} ${cfg} ${SHOT} ${TRAINER}
 done         
+ for seed in 1 2 3
+ sh scripts/coop/crossdataset_train.sh fgvc_aircraft 1 0 vit_b16_ctxv1 16 CoOp
Setting fixed seed: 1
***************
** Arguments **
***************
backbone: 
config_file: configs/trainers/CoOp/vit_b16_ctxv1.yaml
dataset_config_file: configs/datasets/fgvc_aircraft.yaml
eval_only: False
head: 
load_epoch: None
model_dir: 
no_train: False
opts: ['DATASET.NUM_SHOTS', '16', 'DATASET.SUBSAMPLE_CLASSES', 'all']
output_dir: output/coop/crossdataset/train_source/fgvc_aircraft/shots_16/CoOp/vit_b16_ctxv1/seed1
resume: 
root: /shared/s2/lab01/dataset/clip
seed: 1
source_domains: None
target_domains: None
trainer: CoOp
transforms: None
************
** Config **
************
DATALOADER:
  K_TRANSFORMS: 1
  NUM_WORKERS: 8
  RETURN_IMG0: False
  TEST:
    BATCH_SIZE: 100
    SAMPLER: SequentialSampler
  TRAIN_U:
    BATCH_SIZE: 32
    N_DOMAIN: 0
    N_INS: 16
    SAME_AS_X: True
    SAMPLER: RandomSampler
  TRAIN_X:
    BATCH_SIZE: 32
    N_DOMAIN: 0
    N_INS: 16
    SAMPLER: RandomSampler
DATASET:
  ALL_AS_UNLABELED: False
  CIFAR_C_LEVEL: 1
  CIFAR_C_TYPE: 
  NAME: FGVCAircraft
  NUM_LABELED: -1
  NUM_SHOTS: 16
  PROMPT: a photo of a _.
  ROOT: /shared/s2/lab01/dataset/clip
  SOURCE_DOMAINS: ()
  STL10_FOLD: -1
  SUBSAMPLE_CLASSES: all
  TARGET_DOMAINS: ()
  VAL_PERCENT: 0.1
INPUT:
  COLORJITTER_B: 0.4
  COLORJITTER_C: 0.4
  COLORJITTER_H: 0.1
  COLORJITTER_S: 0.4
  CROP_PADDING: 4
  CUTOUT_LEN: 16
  CUTOUT_N: 1
  GB_K: 21
  GB_P: 0.5
  GN_MEAN: 0.0
  GN_STD: 0.15
  INTERPOLATION: bicubic
  NO_TRANSFORM: False
  PIXEL_MEAN: [0.48145466, 0.4578275, 0.40821073]
  PIXEL_STD: [0.26862954, 0.26130258, 0.27577711]
  RANDAUGMENT_M: 10
  RANDAUGMENT_N: 2
  RGS_P: 0.2
  RRCROP_SCALE: (0.08, 1.0)
  SIZE: (224, 224)
  TRANSFORMS: ('random_resized_crop', 'random_flip', 'normalize')
MODEL:
  BACKBONE:
    NAME: ViT-B/16
    PRETRAINED: True
  HEAD:
    ACTIVATION: relu
    BN: True
    DROPOUT: 0.0
    HIDDEN_LAYERS: ()
    NAME: 
  INIT_WEIGHTS: 
OPTIM:
  ADAM_BETA1: 0.9
  ADAM_BETA2: 0.999
  BASE_LR_MULT: 0.1
  GAMMA: 0.1
  LR: 0.002
  LR_SCHEDULER: cosine
  MAX_EPOCH: 200
  MOMENTUM: 0.9
  NAME: sgd
  NEW_LAYERS: ()
  RMSPROP_ALPHA: 0.99
  SGD_DAMPNING: 0
  SGD_NESTEROV: False
  STAGED_LR: False
  STEPSIZE: (-1,)
  WARMUP_CONS_LR: 1e-05
  WARMUP_EPOCH: 1
  WARMUP_MIN_LR: 1e-05
  WARMUP_RECOUNT: True
  WARMUP_TYPE: constant
  WEIGHT_DECAY: 0.0005
OUTPUT_DIR: output/coop/crossdataset/train_source/fgvc_aircraft/shots_16/CoOp/vit_b16_ctxv1/seed1
RESUME: 
SEED: 1
TEST:
  COMPUTE_CMAT: False
  EVALUATOR: Classification
  FINAL_MODEL: last_step
  NO_TEST: False
  PER_CLASS_RESULT: False
  SPLIT: test
TRAIN:
  CHECKPOINT_FREQ: 0
  COUNT_ITER: train_x
  PRINT_FREQ: 5
TRAINER:
  CDAC:
    CLASS_LR_MULTI: 10
    P_THRESH: 0.95
    RAMPUP_COEF: 30
    RAMPUP_ITRS: 1000
    STRONG_TRANSFORMS: ()
    TOPK_MATCH: 5
  COCOOP:
    CTX_INIT: a photo of a
    N_CTX: 4
    PREC: fp16
  COOP:
    CLASS_TOKEN_POSITION: end
    CSC: False
    CTX_INIT: a photo of a
    N_CTX: 16
    PREC: fp16
  CROSSGRAD:
    ALPHA_D: 0.5
    ALPHA_F: 0.5
    EPS_D: 1.0
    EPS_F: 1.0
  DAEL:
    CONF_THRE: 0.95
    STRONG_TRANSFORMS: ()
    WEIGHT_U: 0.5
  DAELDG:
    CONF_THRE: 0.95
    STRONG_TRANSFORMS: ()
    WEIGHT_U: 0.5
  DDAIG:
    ALPHA: 0.5
    CLAMP: False
    CLAMP_MAX: 1.0
    CLAMP_MIN: -1.0
    G_ARCH: 
    LMDA: 0.3
    WARMUP: 0
  DOMAINMIX:
    ALPHA: 1.0
    BETA: 1.0
    TYPE: crossdomain
  ENTMIN:
    LMDA: 0.001
  FIXMATCH:
    CONF_THRE: 0.95
    STRONG_TRANSFORMS: ()
    WEIGHT_U: 1.0
  LP:
    PREC: fp16
    PROMPT: A photo of a {cls_name}
  M3SDA:
    LMDA: 0.5
    N_STEP_F: 4
  MCD:
    N_STEP_F: 4
  MEANTEACHER:
    EMA_ALPHA: 0.999
    RAMPUP: 5
    WEIGHT_U: 1.0
  MIXMATCH:
    MIXUP_BETA: 0.75
    RAMPUP: 20000
    TEMP: 2.0
    WEIGHT_U: 100.0
  MME:
    LMDA: 0.1
  NAME: CoOp
  RPO:
    CTX_INIT: 
    K1: 1
    K2: 1
    PREC: fp16
    sdl_loss: 1
  SE:
    CONF_THRE: 0.95
    EMA_ALPHA: 0.999
    RAMPUP: 300
USE_CUDA: True
VERBOSE: True
VERSION: 1
Collecting env info ...
** System info **
PyTorch version: 1.13.1
Is debug build: False
CUDA used to build PyTorch: 11.7
ROCM used to build PyTorch: N/A

OS: Ubuntu 20.04.6 LTS (x86_64)
GCC version: (Ubuntu 9.4.0-1ubuntu1~20.04.2) 9.4.0
Clang version: Could not collect
CMake version: version 3.16.3
Libc version: glibc-2.10

Python version: 3.7.12 | packaged by conda-forge | (default, Oct 26 2021, 06:08:21)  [GCC 9.4.0] (64-bit runtime)
Python platform: Linux-5.4.0-100-generic-x86_64-with-debian-bullseye-sid
Is CUDA available: True
CUDA runtime version: Could not collect
CUDA_MODULE_LOADING set to: LAZY
GPU models and configuration: GPU 0: NVIDIA GeForce RTX 3090
Nvidia driver version: 520.61.05
cuDNN version: Could not collect
HIP runtime version: N/A
MIOpen runtime version: N/A
Is XNNPACK available: True

Versions of relevant libraries:
[pip3] imagenetv2-pytorch==0.1
[pip3] numpy==1.21.5
[pip3] torch==1.13.1
[pip3] torchvision==0.14.1
[conda] blas                      1.0                         mkl  
[conda] cudatoolkit               10.2.89              hfd86e86_1  
[conda] ffmpeg                    4.3                  hf484d3e_0    pytorch
[conda] imagenetv2-pytorch        0.1                      pypi_0    pypi
[conda] mkl                       2021.4.0           h06a4308_640  
[conda] mkl-service               2.4.0            py37h7f8727e_0  
[conda] mkl_fft                   1.3.1            py37hd3c417c_0  
[conda] mkl_random                1.2.2            py37h51133e4_0  
[conda] numpy                     1.21.6                   pypi_0    pypi
[conda] numpy-base                1.21.5           py37ha15fc14_3  
[conda] pytorch                   1.13.1          py3.7_cuda11.7_cudnn8.5.0_0    pytorch
[conda] pytorch-cuda              11.7                 h778d358_5    pytorch
[conda] pytorch-mutex             1.0                        cuda    pytorch
[conda] torchvision               0.14.1               py37_cu117    pytorch
        Pillow (9.4.0)

requested:CoOp
Loading trainer: CoOp
requested:FGVCAircraft
Loading dataset: FGVCAircraft
Loading preprocessed few-shot data from /shared/s2/lab01/dataset/clip/fgvc-aircraft/data/split_fewshot_taesup/shot_16-seed_1.pkl
1600 3333 3333
Building transform_train
+ random resized crop (size=(224, 224), scale=(0.08, 1.0))
+ random flip
+ to torch tensor of range [0, 1]
+ normalization (mean=[0.48145466, 0.4578275, 0.40821073], std=[0.26862954, 0.26130258, 0.27577711])
Building transform_test
+ resize the smaller edge to 224
+ 224x224 center crop
+ to torch tensor of range [0, 1]
+ normalization (mean=[0.48145466, 0.4578275, 0.40821073], std=[0.26862954, 0.26130258, 0.27577711])
---------  ------------
Dataset    FGVCAircraft
# classes  100
# train_x  1,600
# val      3,333
# test     3,333
---------  ------------
Loading CLIP (backbone: ViT-B/16)
Building custom CLIP
Initial context: "a photo of a"
Number of context words (tokens): 4
Turning off gradients in both the image and the text encoder
requested:Classification
Loading evaluator: Classification
No checkpoint found, train from scratch
Initialize tensorboard (log_dir=output/coop/crossdataset/train_source/fgvc_aircraft/shots_16/CoOp/vit_b16_ctxv1/seed1/tensorboard)
/shared/s2/lab01/myungjoo/RPO_v2/clip/clip.py:23: UserWarning: PyTorch version 1.7.1 or higher is recommended
  warnings.warn("PyTorch version 1.7.1 or higher is recommended")
epoch [1/200] batch [5/50] time 0.084 (0.729) data 0.000 (0.288) loss 3.2324 (3.1281) acc 15.6250 (18.1250) lr 1.0000e-05 eta 2:01:25
epoch [1/200] batch [10/50] time 0.085 (0.407) data 0.000 (0.144) loss 2.5371 (3.0758) acc 25.0000 (17.8125) lr 1.0000e-05 eta 1:07:45
epoch [1/200] batch [15/50] time 0.087 (0.300) data 0.000 (0.096) loss 3.0566 (3.0720) acc 18.7500 (19.3750) lr 1.0000e-05 eta 0:49:58
epoch [1/200] batch [20/50] time 0.086 (0.247) data 0.000 (0.072) loss 3.1523 (3.0777) acc 6.2500 (18.9062) lr 1.0000e-05 eta 0:41:03
epoch [1/200] batch [25/50] time 0.086 (0.215) data 0.000 (0.058) loss 2.9531 (3.0066) acc 9.3750 (19.6250) lr 1.0000e-05 eta 0:35:42
epoch [1/200] batch [30/50] time 0.085 (0.193) data 0.000 (0.048) loss 3.1309 (2.9891) acc 15.6250 (19.4792) lr 1.0000e-05 eta 0:32:08
epoch [1/200] batch [35/50] time 0.086 (0.178) data 0.001 (0.042) loss 3.5137 (3.0116) acc 15.6250 (19.4643) lr 1.0000e-05 eta 0:29:33
epoch [1/200] batch [40/50] time 0.085 (0.166) data 0.000 (0.036) loss 2.4961 (2.9894) acc 21.8750 (19.7656) lr 1.0000e-05 eta 0:27:36
epoch [1/200] batch [45/50] time 0.084 (0.157) data 0.000 (0.032) loss 3.0684 (2.9964) acc 18.7500 (19.7917) lr 1.0000e-05 eta 0:26:05
epoch [1/200] batch [50/50] time 0.083 (0.150) data 0.000 (0.029) loss 2.9023 (3.0159) acc 21.8750 (19.4375) lr 2.0000e-03 eta 0:24:50
epoch [2/200] batch [5/50] time 0.085 (0.267) data 0.000 (0.180) loss 2.9863 (2.9445) acc 18.7500 (18.1250) lr 2.0000e-03 eta 0:44:10
epoch [2/200] batch [10/50] time 0.086 (0.177) data 0.000 (0.090) loss 2.6562 (2.9703) acc 18.7500 (17.5000) lr 2.0000e-03 eta 0:29:15
epoch [2/200] batch [15/50] time 0.088 (0.147) data 0.000 (0.060) loss 3.2949 (2.9712) acc 15.6250 (18.9583) lr 2.0000e-03 eta 0:24:16
epoch [2/200] batch [20/50] time 0.085 (0.131) data 0.001 (0.045) loss 2.4707 (2.9131) acc 31.2500 (18.5938) lr 2.0000e-03 eta 0:21:43
epoch [2/200] batch [25/50] time 0.086 (0.122) data 0.000 (0.036) loss 2.2129 (2.8662) acc 37.5000 (20.3750) lr 2.0000e-03 eta 0:20:12
epoch [2/200] batch [30/50] time 0.085 (0.116) data 0.000 (0.030) loss 2.6914 (2.8282) acc 15.6250 (21.4583) lr 2.0000e-03 eta 0:19:09
epoch [2/200] batch [35/50] time 0.085 (0.111) data 0.000 (0.026) loss 2.8535 (2.8051) acc 18.7500 (22.0536) lr 2.0000e-03 eta 0:18:25
epoch [2/200] batch [40/50] time 0.085 (0.108) data 0.000 (0.023) loss 2.9531 (2.8443) acc 28.1250 (21.9531) lr 2.0000e-03 eta 0:17:51
epoch [2/200] batch [45/50] time 0.084 (0.106) data 0.000 (0.020) loss 2.7539 (2.8291) acc 15.6250 (22.0139) lr 2.0000e-03 eta 0:17:25
epoch [2/200] batch [50/50] time 0.084 (0.103) data 0.000 (0.018) loss 3.3027 (2.8113) acc 15.6250 (22.6875) lr 1.9999e-03 eta 0:17:02
epoch [3/200] batch [5/50] time 0.086 (0.275) data 0.000 (0.189) loss 2.3301 (2.8625) acc 34.3750 (24.3750) lr 1.9999e-03 eta 0:45:19
epoch [3/200] batch [10/50] time 0.085 (0.181) data 0.000 (0.095) loss 1.8496 (2.5645) acc 56.2500 (31.8750) lr 1.9999e-03 eta 0:29:46
epoch [3/200] batch [15/50] time 0.085 (0.149) data 0.000 (0.063) loss 2.3613 (2.5582) acc 18.7500 (29.5833) lr 1.9999e-03 eta 0:24:35
epoch [3/200] batch [20/50] time 0.085 (0.133) data 0.000 (0.047) loss 2.7695 (2.6065) acc 25.0000 (27.0312) lr 1.9999e-03 eta 0:21:56
epoch [3/200] batch [25/50] time 0.085 (0.124) data 0.000 (0.038) loss 2.8066 (2.5934) acc 18.7500 (26.7500) lr 1.9999e-03 eta 0:20:20
epoch [3/200] batch [30/50] time 0.084 (0.118) data 0.000 (0.033) loss 2.6328 (2.5975) acc 15.6250 (26.0417) lr 1.9999e-03 eta 0:19:28
epoch [3/200] batch [35/50] time 0.085 (0.114) data 0.000 (0.028) loss 2.6152 (2.6030) acc 31.2500 (26.2500) lr 1.9999e-03 eta 0:18:41
epoch [3/200] batch [40/50] time 0.083 (0.112) data 0.000 (0.027) loss 2.2324 (2.6033) acc 40.6250 (26.0156) lr 1.9999e-03 eta 0:18:28
epoch [3/200] batch [45/50] time 0.083 (0.109) data 0.000 (0.024) loss 2.6992 (2.5982) acc 25.0000 (26.0417) lr 1.9999e-03 eta 0:17:55
epoch [3/200] batch [50/50] time 0.083 (0.106) data 0.000 (0.022) loss 2.5000 (2.5945) acc 34.3750 (26.2500) lr 1.9995e-03 eta 0:17:28
epoch [4/200] batch [5/50] time 0.086 (0.272) data 0.000 (0.186) loss 2.2949 (2.2852) acc 21.8750 (33.1250) lr 1.9995e-03 eta 0:44:35
epoch [4/200] batch [10/50] time 0.087 (0.179) data 0.000 (0.093) loss 2.4590 (2.4420) acc 25.0000 (28.7500) lr 1.9995e-03 eta 0:29:24
epoch [4/200] batch [15/50] time 0.086 (0.148) data 0.000 (0.062) loss 2.1230 (2.4234) acc 34.3750 (28.9583) lr 1.9995e-03 eta 0:24:18
epoch [4/200] batch [20/50] time 0.086 (0.133) data 0.000 (0.047) loss 2.4961 (2.4523) acc 34.3750 (28.5938) lr 1.9995e-03 eta 0:21:43
epoch [4/200] batch [25/50] time 0.085 (0.123) data 0.000 (0.038) loss 2.3008 (2.4482) acc 37.5000 (29.1250) lr 1.9995e-03 eta 0:20:10
epoch [4/200] batch [30/50] time 0.085 (0.118) data 0.000 (0.033) loss 2.6172 (2.4594) acc 25.0000 (28.8542) lr 1.9995e-03 eta 0:19:21
epoch [4/200] batch [35/50] time 0.086 (0.114) data 0.000 (0.028) loss 2.9961 (2.4742) acc 21.8750 (28.7500) lr 1.9995e-03 eta 0:18:35
epoch [4/200] batch [40/50] time 0.084 (0.110) data 0.000 (0.025) loss 2.3730 (2.5015) acc 28.1250 (28.1250) lr 1.9995e-03 eta 0:17:59
epoch [4/200] batch [45/50] time 0.084 (0.107) data 0.000 (0.022) loss 2.7910 (2.4945) acc 31.2500 (28.1250) lr 1.9995e-03 eta 0:17:30
epoch [4/200] batch [50/50] time 0.083 (0.105) data 0.000 (0.020) loss 2.6875 (2.4957) acc 18.7500 (27.5625) lr 1.9989e-03 eta 0:17:07
epoch [5/200] batch [5/50] time 0.088 (0.283) data 0.000 (0.197) loss 2.4473 (2.5398) acc 31.2500 (31.8750) lr 1.9989e-03 eta 0:46:11
epoch [5/200] batch [10/50] time 0.086 (0.185) data 0.000 (0.099) loss 2.1699 (2.5098) acc 25.0000 (26.8750) lr 1.9989e-03 eta 0:30:07
epoch [5/200] batch [15/50] time 0.087 (0.152) data 0.000 (0.066) loss 2.4512 (2.5566) acc 15.6250 (26.0417) lr 1.9989e-03 eta 0:24:44
epoch [5/200] batch [20/50] time 0.086 (0.137) data 0.000 (0.051) loss 2.2109 (2.5128) acc 21.8750 (27.0312) lr 1.9989e-03 eta 0:22:22
epoch [5/200] batch [25/50] time 0.085 (0.127) data 0.000 (0.041) loss 2.2656 (2.5109) acc 28.1250 (26.8750) lr 1.9989e-03 eta 0:20:42
epoch [5/200] batch [30/50] time 0.085 (0.120) data 0.000 (0.034) loss 2.1777 (2.5091) acc 40.6250 (27.8125) lr 1.9989e-03 eta 0:19:33
epoch [5/200] batch [35/50] time 0.085 (0.115) data 0.001 (0.029) loss 2.4336 (2.5114) acc 31.2500 (27.3214) lr 1.9989e-03 eta 0:18:43
epoch [5/200] batch [40/50] time 0.085 (0.111) data 0.000 (0.026) loss 2.1816 (2.5000) acc 37.5000 (27.2656) lr 1.9989e-03 eta 0:18:05
epoch [5/200] batch [45/50] time 0.083 (0.108) data 0.000 (0.023) loss 2.2695 (2.4906) acc 31.2500 (27.1528) lr 1.9989e-03 eta 0:17:35
epoch [5/200] batch [50/50] time 0.083 (0.106) data 0.000 (0.021) loss 2.1934 (2.4650) acc 28.1250 (27.7500) lr 1.9980e-03 eta 0:17:10
epoch [6/200] batch [5/50] time 0.086 (0.263) data 0.000 (0.177) loss 1.9648 (2.4098) acc 53.1250 (26.8750) lr 1.9980e-03 eta 0:42:38
epoch [6/200] batch [10/50] time 0.086 (0.177) data 0.000 (0.091) loss 1.9668 (2.4084) acc 31.2500 (27.8125) lr 1.9980e-03 eta 0:28:40
epoch [6/200] batch [15/50] time 0.087 (0.147) data 0.000 (0.061) loss 2.2559 (2.3453) acc 18.7500 (29.7917) lr 1.9980e-03 eta 0:23:47
epoch [6/200] batch [20/50] time 0.085 (0.131) data 0.000 (0.046) loss 2.4199 (2.4148) acc 25.0000 (27.8125) lr 1.9980e-03 eta 0:21:18
epoch [6/200] batch [25/50] time 0.084 (0.122) data 0.000 (0.037) loss 2.5176 (2.3808) acc 18.7500 (28.1250) lr 1.9980e-03 eta 0:19:47
epoch [6/200] batch [30/50] time 0.085 (0.116) data 0.000 (0.031) loss 2.2578 (2.3577) acc 18.7500 (28.2292) lr 1.9980e-03 eta 0:18:47
epoch [6/200] batch [35/50] time 0.231 (0.116) data 0.147 (0.030) loss 2.2812 (2.3615) acc 28.1250 (28.2143) lr 1.9980e-03 eta 0:18:44
epoch [6/200] batch [40/50] time 0.086 (0.112) data 0.000 (0.027) loss 2.3281 (2.4009) acc 28.1250 (27.8125) lr 1.9980e-03 eta 0:18:06
epoch [6/200] batch [45/50] time 0.083 (0.109) data 0.000 (0.024) loss 2.3164 (2.4257) acc 34.3750 (27.7083) lr 1.9980e-03 eta 0:17:35
epoch [6/200] batch [50/50] time 0.083 (0.106) data 0.000 (0.021) loss 2.5566 (2.4236) acc 28.1250 (28.0000) lr 1.9969e-03 eta 0:17:10
epoch [7/200] batch [5/50] time 0.086 (0.283) data 0.000 (0.197) loss 2.4004 (2.3924) acc 34.3750 (26.8750) lr 1.9969e-03 eta 0:45:39
epoch [7/200] batch [10/50] time 0.158 (0.191) data 0.073 (0.106) loss 2.3320 (2.4052) acc 37.5000 (27.5000) lr 1.9969e-03 eta 0:30:53
epoch [7/200] batch [15/50] time 0.086 (0.156) data 0.000 (0.071) loss 2.6094 (2.4553) acc 28.1250 (26.6667) lr 1.9969e-03 eta 0:25:12
epoch [7/200] batch [20/50] time 0.085 (0.139) data 0.000 (0.053) loss 2.6426 (2.4602) acc 31.2500 (27.5000) lr 1.9969e-03 eta 0:22:22
epoch [7/200] batch [25/50] time 0.086 (0.128) data 0.000 (0.043) loss 2.3477 (2.4082) acc 40.6250 (29.6250) lr 1.9969e-03 eta 0:20:40
epoch [7/200] batch [30/50] time 0.085 (0.121) data 0.000 (0.036) loss 2.1719 (2.4174) acc 31.2500 (29.7917) lr 1.9969e-03 eta 0:19:31
epoch [7/200] batch [35/50] time 0.085 (0.116) data 0.001 (0.031) loss 2.6387 (2.4297) acc 21.8750 (29.2857) lr 1.9969e-03 eta 0:18:40
epoch [7/200] batch [40/50] time 0.085 (0.112) data 0.000 (0.027) loss 2.2578 (2.4014) acc 46.8750 (30.3125) lr 1.9969e-03 eta 0:18:02
epoch [7/200] batch [45/50] time 0.084 (0.109) data 0.000 (0.024) loss 2.3613 (2.3939) acc 40.6250 (30.9028) lr 1.9969e-03 eta 0:17:32
epoch [7/200] batch [50/50] time 0.084 (0.106) data 0.000 (0.021) loss 2.2461 (2.3772) acc 31.2500 (31.0000) lr 1.9956e-03 eta 0:17:07
slurmstepd: error: *** JOB 394851 ON b20 CANCELLED AT 2024-02-28T12:18:25 ***
